CRITICAL - 2020-08-29 03:52:12 --> syntax error, unexpected '<', expecting end of file
#0 /home/romankha/professor.romankhan.com/code/system/View/View.php(257): CodeIgniter\View\View->render('layouts/panel', Array, true)
#1 /home/romankha/professor.romankhan.com/code/system/Common.php(1119): CodeIgniter\View\View->render('lessons', Array, true)
#2 /home/romankha/professor.romankhan.com/code/app/Controllers/Panel.php(18): view('lessons')
#3 /home/romankha/professor.romankhan.com/code/system/CodeIgniter.php(918): App\Controllers\Panel->lessons()
#4 /home/romankha/professor.romankhan.com/code/system/CodeIgniter.php(404): CodeIgniter\CodeIgniter->runController(Object(App\Controllers\Panel))
#5 /home/romankha/professor.romankhan.com/code/system/CodeIgniter.php(312): CodeIgniter\CodeIgniter->handleRequest(NULL, Object(Config\Cache), false)
#6 /home/romankha/professor.romankhan.com/index.php(45): CodeIgniter\CodeIgniter->run()
#7 {main}
CRITICAL - 2020-08-29 03:55:45 --> syntax error, unexpected '<'
#0 /home/romankha/professor.romankhan.com/code/system/View/View.php(257): CodeIgniter\View\View->render('layouts/panel', Array, true)
#1 /home/romankha/professor.romankhan.com/code/system/Common.php(1119): CodeIgniter\View\View->render('lessons', Array, true)
#2 /home/romankha/professor.romankhan.com/code/app/Controllers/Panel.php(18): view('lessons')
#3 /home/romankha/professor.romankhan.com/code/system/CodeIgniter.php(918): App\Controllers\Panel->lessons()
#4 /home/romankha/professor.romankhan.com/code/system/CodeIgniter.php(404): CodeIgniter\CodeIgniter->runController(Object(App\Controllers\Panel))
#5 /home/romankha/professor.romankhan.com/code/system/CodeIgniter.php(312): CodeIgniter\CodeIgniter->handleRequest(NULL, Object(Config\Cache), false)
#6 /home/romankha/professor.romankhan.com/index.php(45): CodeIgniter\CodeIgniter->run()
#7 {main}
CRITICAL - 2020-08-29 03:56:03 --> syntax error, unexpected '<'
#0 /home/romankha/professor.romankhan.com/code/system/View/View.php(257): CodeIgniter\View\View->render('layouts/panel', Array, true)
#1 /home/romankha/professor.romankhan.com/code/system/Common.php(1119): CodeIgniter\View\View->render('lessons', Array, true)
#2 /home/romankha/professor.romankhan.com/code/app/Controllers/Panel.php(18): view('lessons')
#3 /home/romankha/professor.romankhan.com/code/system/CodeIgniter.php(918): App\Controllers\Panel->lessons()
#4 /home/romankha/professor.romankhan.com/code/system/CodeIgniter.php(404): CodeIgniter\CodeIgniter->runController(Object(App\Controllers\Panel))
#5 /home/romankha/professor.romankhan.com/code/system/CodeIgniter.php(312): CodeIgniter\CodeIgniter->handleRequest(NULL, Object(Config\Cache), false)
#6 /home/romankha/professor.romankhan.com/index.php(45): CodeIgniter\CodeIgniter->run()
#7 {main}
CRITICAL - 2020-08-29 04:20:16 --> Call to undefined method App\Models\PresentationModel::count
#0 /home/romankha/professor.romankhan.com/code/app/Models/PresentationModel.php(11): CodeIgniter\Model->__call('count', Array)
#1 /home/romankha/professor.romankhan.com/code/app/Views/layouts/panel.php(23): App\Models\PresentationModel->is_professor('3')
#2 /home/romankha/professor.romankhan.com/code/system/View/View.php(246): include('/home/romankha/...')
#3 /home/romankha/professor.romankhan.com/code/system/View/View.php(257): CodeIgniter\View\View->render('layouts/panel', Array, true)
#4 /home/romankha/professor.romankhan.com/code/system/Common.php(1119): CodeIgniter\View\View->render('profile', Array, true)
#5 /home/romankha/professor.romankhan.com/code/app/Controllers/Panel.php(30): view('profile')
#6 /home/romankha/professor.romankhan.com/code/system/CodeIgniter.php(918): App\Controllers\Panel->profile()
#7 /home/romankha/professor.romankhan.com/code/system/CodeIgniter.php(404): CodeIgniter\CodeIgniter->runController(Object(App\Controllers\Panel))
#8 /home/romankha/professor.romankhan.com/code/system/CodeIgniter.php(312): CodeIgniter\CodeIgniter->handleRequest(NULL, Object(Config\Cache), false)
#9 /home/romankha/professor.romankhan.com/index.php(45): CodeIgniter\CodeIgniter->run()
#10 {main}
CRITICAL - 2020-08-29 04:22:14 --> Call to undefined method App\Models\PresentationModel::count
#0 /home/romankha/professor.romankhan.com/code/app/Models/PresentationModel.php(11): CodeIgniter\Model->__call('count', Array)
#1 /home/romankha/professor.romankhan.com/code/app/Views/layouts/panel.php(23): App\Models\PresentationModel->is_professor('3')
#2 /home/romankha/professor.romankhan.com/code/system/View/View.php(246): include('/home/romankha/...')
#3 /home/romankha/professor.romankhan.com/code/system/View/View.php(257): CodeIgniter\View\View->render('layouts/panel', Array, true)
#4 /home/romankha/professor.romankhan.com/code/system/Common.php(1119): CodeIgniter\View\View->render('profile', Array, true)
#5 /home/romankha/professor.romankhan.com/code/app/Controllers/Panel.php(30): view('profile')
#6 /home/romankha/professor.romankhan.com/code/system/CodeIgniter.php(918): App\Controllers\Panel->profile()
#7 /home/romankha/professor.romankhan.com/code/system/CodeIgniter.php(404): CodeIgniter\CodeIgniter->runController(Object(App\Controllers\Panel))
#8 /home/romankha/professor.romankhan.com/code/system/CodeIgniter.php(312): CodeIgniter\CodeIgniter->handleRequest(NULL, Object(Config\Cache), false)
#9 /home/romankha/professor.romankhan.com/index.php(45): CodeIgniter\CodeIgniter->run()
#10 {main}
CRITICAL - 2020-08-29 04:22:45 --> Call to undefined method App\Models\PresentationModel::count
#0 /home/romankha/professor.romankhan.com/code/app/Models/PresentationModel.php(11): CodeIgniter\Model->__call('count', Array)
#1 /home/romankha/professor.romankhan.com/code/app/Views/layouts/panel.php(23): App\Models\PresentationModel->is_professor('3')
#2 /home/romankha/professor.romankhan.com/code/system/View/View.php(246): include('/home/romankha/...')
#3 /home/romankha/professor.romankhan.com/code/system/View/View.php(257): CodeIgniter\View\View->render('layouts/panel', Array, true)
#4 /home/romankha/professor.romankhan.com/code/system/Common.php(1119): CodeIgniter\View\View->render('lessons', Array, true)
#5 /home/romankha/professor.romankhan.com/code/app/Controllers/Panel.php(18): view('lessons')
#6 /home/romankha/professor.romankhan.com/code/system/CodeIgniter.php(918): App\Controllers\Panel->lessons()
#7 /home/romankha/professor.romankhan.com/code/system/CodeIgniter.php(404): CodeIgniter\CodeIgniter->runController(Object(App\Controllers\Panel))
#8 /home/romankha/professor.romankhan.com/code/system/CodeIgniter.php(312): CodeIgniter\CodeIgniter->handleRequest(NULL, Object(Config\Cache), false)
#9 /home/romankha/professor.romankhan.com/index.php(45): CodeIgniter\CodeIgniter->run()
#10 {main}
CRITICAL - 2020-08-29 04:23:25 --> Call to undefined method App\Models\PresentationModel::count
#0 /home/romankha/professor.romankhan.com/code/app/Models/PresentationModel.php(11): CodeIgniter\Model->__call('count', Array)
#1 /home/romankha/professor.romankhan.com/code/app/Views/layouts/panel.php(23): App\Models\PresentationModel->is_professor('3')
#2 /home/romankha/professor.romankhan.com/code/system/View/View.php(246): include('/home/romankha/...')
#3 /home/romankha/professor.romankhan.com/code/system/View/View.php(257): CodeIgniter\View\View->render('layouts/panel', Array, true)
#4 /home/romankha/professor.romankhan.com/code/system/Common.php(1119): CodeIgniter\View\View->render('profile', Array, true)
#5 /home/romankha/professor.romankhan.com/code/app/Controllers/Panel.php(30): view('profile')
#6 /home/romankha/professor.romankhan.com/code/system/CodeIgniter.php(918): App\Controllers\Panel->profile()
#7 /home/romankha/professor.romankhan.com/code/system/CodeIgniter.php(404): CodeIgniter\CodeIgniter->runController(Object(App\Controllers\Panel))
#8 /home/romankha/professor.romankhan.com/code/system/CodeIgniter.php(312): CodeIgniter\CodeIgniter->handleRequest(NULL, Object(Config\Cache), false)
#9 /home/romankha/professor.romankhan.com/index.php(45): CodeIgniter\CodeIgniter->run()
#10 {main}
CRITICAL - 2020-08-29 05:04:05 --> Call to undefined method App\Models\PresentationModel::getRow
#0 /home/romankha/professor.romankhan.com/code/app/Models/PresentationModel.php(11): CodeIgniter\Model->__call('getRow', Array)
#1 /home/romankha/professor.romankhan.com/code/app/Views/layouts/panel.php(23): App\Models\PresentationModel->is_professor('3')
#2 /home/romankha/professor.romankhan.com/code/system/View/View.php(246): include('/home/romankha/...')
#3 /home/romankha/professor.romankhan.com/code/system/View/View.php(257): CodeIgniter\View\View->render('layouts/panel', Array, true)
#4 /home/romankha/professor.romankhan.com/code/system/Common.php(1119): CodeIgniter\View\View->render('lessons', Array, true)
#5 /home/romankha/professor.romankhan.com/code/app/Controllers/Panel.php(18): view('lessons')
#6 /home/romankha/professor.romankhan.com/code/system/CodeIgniter.php(918): App\Controllers\Panel->lessons()
#7 /home/romankha/professor.romankhan.com/code/system/CodeIgniter.php(404): CodeIgniter\CodeIgniter->runController(Object(App\Controllers\Panel))
#8 /home/romankha/professor.romankhan.com/code/system/CodeIgniter.php(312): CodeIgniter\CodeIgniter->handleRequest(NULL, Object(Config\Cache), false)
#9 /home/romankha/professor.romankhan.com/index.php(45): CodeIgniter\CodeIgniter->run()
#10 {main}
CRITICAL - 2020-08-29 06:00:03 --> syntax error, unexpected '$id_us' (T_VARIABLE)
#0 /home/romankha/professor.romankhan.com/code/system/Router/Router.php(195): CodeIgniter\Router\Router->autoRoute('panel/take_cour...')
#1 /home/romankha/professor.romankhan.com/code/system/CodeIgniter.php(793): CodeIgniter\Router\Router->handle('panel/take_cour...')
#2 /home/romankha/professor.romankhan.com/code/system/CodeIgniter.php(364): CodeIgniter\CodeIgniter->tryToRouteIt(Object(CodeIgniter\Router\RouteCollection))
#3 /home/romankha/professor.romankhan.com/code/system/CodeIgniter.php(312): CodeIgniter\CodeIgniter->handleRequest(NULL, Object(Config\Cache), false)
#4 /home/romankha/professor.romankhan.com/index.php(45): CodeIgniter\CodeIgniter->run()
#5 {main}
CRITICAL - 2020-08-29 06:43:55 --> syntax error, unexpected '$add' (T_VARIABLE)
#0 /home/romankha/professor.romankhan.com/code/system/Router/Router.php(195): CodeIgniter\Router\Router->autoRoute('take/remove')
#1 /home/romankha/professor.romankhan.com/code/system/CodeIgniter.php(793): CodeIgniter\Router\Router->handle('take/remove')
#2 /home/romankha/professor.romankhan.com/code/system/CodeIgniter.php(364): CodeIgniter\CodeIgniter->tryToRouteIt(Object(CodeIgniter\Router\RouteCollection))
#3 /home/romankha/professor.romankhan.com/code/system/CodeIgniter.php(312): CodeIgniter\CodeIgniter->handleRequest(NULL, Object(Config\Cache), false)
#4 /home/romankha/professor.romankhan.com/index.php(45): CodeIgniter\CodeIgniter->run()
#5 {main}
CRITICAL - 2020-08-29 06:44:50 --> syntax error, unexpected '$add' (T_VARIABLE)
#0 /home/romankha/professor.romankhan.com/code/system/Router/Router.php(195): CodeIgniter\Router\Router->autoRoute('take/remove')
#1 /home/romankha/professor.romankhan.com/code/system/CodeIgniter.php(793): CodeIgniter\Router\Router->handle('take/remove')
#2 /home/romankha/professor.romankhan.com/code/system/CodeIgniter.php(364): CodeIgniter\CodeIgniter->tryToRouteIt(Object(CodeIgniter\Router\RouteCollection))
#3 /home/romankha/professor.romankhan.com/code/system/CodeIgniter.php(312): CodeIgniter\CodeIgniter->handleRequest(NULL, Object(Config\Cache), false)
#4 /home/romankha/professor.romankhan.com/index.php(45): CodeIgniter\CodeIgniter->run()
#5 {main}
CRITICAL - 2020-08-29 06:45:20 --> syntax error, unexpected '$add' (T_VARIABLE)
#0 /home/romankha/professor.romankhan.com/code/system/Router/Router.php(195): CodeIgniter\Router\Router->autoRoute('take/remove')
#1 /home/romankha/professor.romankhan.com/code/system/CodeIgniter.php(793): CodeIgniter\Router\Router->handle('take/remove')
#2 /home/romankha/professor.romankhan.com/code/system/CodeIgniter.php(364): CodeIgniter\CodeIgniter->tryToRouteIt(Object(CodeIgniter\Router\RouteCollection))
#3 /home/romankha/professor.romankhan.com/code/system/CodeIgniter.php(312): CodeIgniter\CodeIgniter->handleRequest(NULL, Object(Config\Cache), false)
#4 /home/romankha/professor.romankhan.com/index.php(45): CodeIgniter\CodeIgniter->run()
#5 {main}
CRITICAL - 2020-08-29 06:45:23 --> syntax error, unexpected '$add' (T_VARIABLE)
#0 /home/romankha/professor.romankhan.com/code/system/Router/Router.php(195): CodeIgniter\Router\Router->autoRoute('take/remove')
#1 /home/romankha/professor.romankhan.com/code/system/CodeIgniter.php(793): CodeIgniter\Router\Router->handle('take/remove')
#2 /home/romankha/professor.romankhan.com/code/system/CodeIgniter.php(364): CodeIgniter\CodeIgniter->tryToRouteIt(Object(CodeIgniter\Router\RouteCollection))
#3 /home/romankha/professor.romankhan.com/code/system/CodeIgniter.php(312): CodeIgniter\CodeIgniter->handleRequest(NULL, Object(Config\Cache), false)
#4 /home/romankha/professor.romankhan.com/index.php(45): CodeIgniter\CodeIgniter->run()
#5 {main}
CRITICAL - 2020-08-29 07:13:44 --> syntax error, unexpected '$id_us' (T_VARIABLE)
#0 /home/romankha/professor.romankhan.com/code/system/Router/Router.php(195): CodeIgniter\Router\Router->autoRoute('take/create')
#1 /home/romankha/professor.romankhan.com/code/system/CodeIgniter.php(793): CodeIgniter\Router\Router->handle('take/create')
#2 /home/romankha/professor.romankhan.com/code/system/CodeIgniter.php(364): CodeIgniter\CodeIgniter->tryToRouteIt(Object(CodeIgniter\Router\RouteCollection))
#3 /home/romankha/professor.romankhan.com/code/system/CodeIgniter.php(312): CodeIgniter\CodeIgniter->handleRequest(NULL, Object(Config\Cache), false)
#4 /home/romankha/professor.romankhan.com/index.php(45): CodeIgniter\CodeIgniter->run()
#5 {main}
CRITICAL - 2020-08-29 07:38:20 --> syntax error, unexpected 'new' (T_NEW)
#0 /home/romankha/professor.romankhan.com/code/system/View/View.php(257): CodeIgniter\View\View->render('layouts/panel', Array, true)
#1 /home/romankha/professor.romankhan.com/code/system/Common.php(1119): CodeIgniter\View\View->render('take_course', Array, true)
#2 /home/romankha/professor.romankhan.com/code/app/Controllers/Panel.php(12): view('take_course')
#3 /home/romankha/professor.romankhan.com/code/system/CodeIgniter.php(918): App\Controllers\Panel->take_course()
#4 /home/romankha/professor.romankhan.com/code/system/CodeIgniter.php(404): CodeIgniter\CodeIgniter->runController(Object(App\Controllers\Panel))
#5 /home/romankha/professor.romankhan.com/code/system/CodeIgniter.php(312): CodeIgniter\CodeIgniter->handleRequest(NULL, Object(Config\Cache), false)
#6 /home/romankha/professor.romankhan.com/index.php(45): CodeIgniter\CodeIgniter->run()
#7 {main}
CRITICAL - 2020-08-29 07:38:36 --> syntax error, unexpected 'content' (T_STRING), expecting ')'
#0 /home/romankha/professor.romankhan.com/code/system/View/View.php(257): CodeIgniter\View\View->render('layouts/panel', Array, true)
#1 /home/romankha/professor.romankhan.com/code/system/Common.php(1119): CodeIgniter\View\View->render('take_course', Array, true)
#2 /home/romankha/professor.romankhan.com/code/app/Controllers/Panel.php(12): view('take_course')
#3 /home/romankha/professor.romankhan.com/code/system/CodeIgniter.php(918): App\Controllers\Panel->take_course()
#4 /home/romankha/professor.romankhan.com/code/system/CodeIgniter.php(404): CodeIgniter\CodeIgniter->runController(Object(App\Controllers\Panel))
#5 /home/romankha/professor.romankhan.com/code/system/CodeIgniter.php(312): CodeIgniter\CodeIgniter->handleRequest(NULL, Object(Config\Cache), false)
#6 /home/romankha/professor.romankhan.com/index.php(45): CodeIgniter\CodeIgniter->run()
#7 {main}
CRITICAL - 2020-08-29 07:39:17 --> syntax error, unexpected ';', expecting ')'
#0 /home/romankha/professor.romankhan.com/code/system/View/View.php(257): CodeIgniter\View\View->render('layouts/panel', Array, true)
#1 /home/romankha/professor.romankhan.com/code/system/Common.php(1119): CodeIgniter\View\View->render('take_course', Array, true)
#2 /home/romankha/professor.romankhan.com/code/app/Controllers/Panel.php(12): view('take_course')
#3 /home/romankha/professor.romankhan.com/code/system/CodeIgniter.php(918): App\Controllers\Panel->take_course()
#4 /home/romankha/professor.romankhan.com/code/system/CodeIgniter.php(404): CodeIgniter\CodeIgniter->runController(Object(App\Controllers\Panel))
#5 /home/romankha/professor.romankhan.com/code/system/CodeIgniter.php(312): CodeIgniter\CodeIgniter->handleRequest(NULL, Object(Config\Cache), false)
#6 /home/romankha/professor.romankhan.com/index.php(45): CodeIgniter\CodeIgniter->run()
#7 {main}
CRITICAL - 2020-08-29 07:39:36 --> Class 'App\Models\FieldModel' not found
#0 /home/romankha/professor.romankhan.com/code/system/View/View.php(246): include()
#1 /home/romankha/professor.romankhan.com/code/system/View/View.php(257): CodeIgniter\View\View->render('layouts/panel', Array, true)
#2 /home/romankha/professor.romankhan.com/code/system/Common.php(1119): CodeIgniter\View\View->render('take_course', Array, true)
#3 /home/romankha/professor.romankhan.com/code/app/Controllers/Panel.php(12): view('take_course')
#4 /home/romankha/professor.romankhan.com/code/system/CodeIgniter.php(918): App\Controllers\Panel->take_course()
#5 /home/romankha/professor.romankhan.com/code/system/CodeIgniter.php(404): CodeIgniter\CodeIgniter->runController(Object(App\Controllers\Panel))
#6 /home/romankha/professor.romankhan.com/code/system/CodeIgniter.php(312): CodeIgniter\CodeIgniter->handleRequest(NULL, Object(Config\Cache), false)
#7 /home/romankha/professor.romankhan.com/index.php(45): CodeIgniter\CodeIgniter->run()
#8 {main}
CRITICAL - 2020-08-29 07:39:57 --> Use of undefined constant field - assumed 'field' (this will throw an Error in a future version of PHP)
#0 /home/romankha/professor.romankhan.com/code/app/Models/FieldsModel.php(11): CodeIgniter\Debug\Exceptions->errorHandler(2, 'Use of undefine...', '/home/romankha/...', 11, Array)
#1 /home/romankha/professor.romankhan.com/code/app/Views/layouts/panel.php(31): App\Models\FieldsModel->show_nameWithId(NULL)
#2 /home/romankha/professor.romankhan.com/code/system/View/View.php(246): include('/home/romankha/...')
#3 /home/romankha/professor.romankhan.com/code/system/View/View.php(257): CodeIgniter\View\View->render('layouts/panel', Array, true)
#4 /home/romankha/professor.romankhan.com/code/system/Common.php(1119): CodeIgniter\View\View->render('take_course', Array, true)
#5 /home/romankha/professor.romankhan.com/code/app/Controllers/Panel.php(12): view('take_course')
#6 /home/romankha/professor.romankhan.com/code/system/CodeIgniter.php(918): App\Controllers\Panel->take_course()
#7 /home/romankha/professor.romankhan.com/code/system/CodeIgniter.php(404): CodeIgniter\CodeIgniter->runController(Object(App\Controllers\Panel))
#8 /home/romankha/professor.romankhan.com/code/system/CodeIgniter.php(312): CodeIgniter\CodeIgniter->handleRequest(NULL, Object(Config\Cache), false)
#9 /home/romankha/professor.romankhan.com/index.php(45): CodeIgniter\CodeIgniter->run()
#10 {main}
CRITICAL - 2020-08-29 07:40:28 --> Cannot use object of type App\Models\FieldsModel as array
#0 /home/romankha/professor.romankhan.com/code/app/Views/layouts/panel.php(31): App\Models\FieldsModel->show_nameWithId(NULL)
#1 /home/romankha/professor.romankhan.com/code/system/View/View.php(246): include('/home/romankha/...')
#2 /home/romankha/professor.romankhan.com/code/system/View/View.php(257): CodeIgniter\View\View->render('layouts/panel', Array, true)
#3 /home/romankha/professor.romankhan.com/code/system/Common.php(1119): CodeIgniter\View\View->render('take_course', Array, true)
#4 /home/romankha/professor.romankhan.com/code/app/Controllers/Panel.php(12): view('take_course')
#5 /home/romankha/professor.romankhan.com/code/system/CodeIgniter.php(918): App\Controllers\Panel->take_course()
#6 /home/romankha/professor.romankhan.com/code/system/CodeIgniter.php(404): CodeIgniter\CodeIgniter->runController(Object(App\Controllers\Panel))
#7 /home/romankha/professor.romankhan.com/code/system/CodeIgniter.php(312): CodeIgniter\CodeIgniter->handleRequest(NULL, Object(Config\Cache), false)
#8 /home/romankha/professor.romankhan.com/index.php(45): CodeIgniter\CodeIgniter->run()
#9 {main}
CRITICAL - 2020-08-29 07:41:07 --> Object of class App\Models\FieldsModel could not be converted to string
#0 /home/romankha/professor.romankhan.com/code/app/Models/FieldsModel.php(12): CodeIgniter\Debug\Exceptions->errorHandler(4096, 'Object of class...', '/home/romankha/...', 12, Array)
#1 /home/romankha/professor.romankhan.com/code/app/Views/layouts/panel.php(31): App\Models\FieldsModel->show_nameWithId(NULL)
#2 /home/romankha/professor.romankhan.com/code/system/View/View.php(246): include('/home/romankha/...')
#3 /home/romankha/professor.romankhan.com/code/system/View/View.php(257): CodeIgniter\View\View->render('layouts/panel', Array, true)
#4 /home/romankha/professor.romankhan.com/code/system/Common.php(1119): CodeIgniter\View\View->render('take_course', Array, true)
#5 /home/romankha/professor.romankhan.com/code/app/Controllers/Panel.php(12): view('take_course')
#6 /home/romankha/professor.romankhan.com/code/system/CodeIgniter.php(918): App\Controllers\Panel->take_course()
#7 /home/romankha/professor.romankhan.com/code/system/CodeIgniter.php(404): CodeIgniter\CodeIgniter->runController(Object(App\Controllers\Panel))
#8 /home/romankha/professor.romankhan.com/code/system/CodeIgniter.php(312): CodeIgniter\CodeIgniter->handleRequest(NULL, Object(Config\Cache), false)
#9 /home/romankha/professor.romankhan.com/index.php(45): CodeIgniter\CodeIgniter->run()
#10 {main}
CRITICAL - 2020-08-29 07:45:28 --> Unknown column 'id_fields' in 'where clause'
#0 /home/romankha/professor.romankhan.com/code/system/Database/MySQLi/Connection.php(331): mysqli->query('SELECT `name`\nF...')
#1 /home/romankha/professor.romankhan.com/code/system/Database/BaseConnection.php(741): CodeIgniter\Database\MySQLi\Connection->execute('SELECT `name`\nF...')
#2 /home/romankha/professor.romankhan.com/code/system/Database/BaseConnection.php(669): CodeIgniter\Database\BaseConnection->simpleQuery('SELECT `name`\nF...')
#3 /home/romankha/professor.romankhan.com/code/system/Database/BaseBuilder.php(1860): CodeIgniter\Database\BaseConnection->query('SELECT `name`\nF...', Array, false)
#4 /home/romankha/professor.romankhan.com/code/system/Model.php(506): CodeIgniter\Database\BaseBuilder->get()
#5 /home/romankha/professor.romankhan.com/code/app/Models/FieldsModel.php(11): CodeIgniter\Model->first()
#6 /home/romankha/professor.romankhan.com/code/app/Views/layouts/panel.php(31): App\Models\FieldsModel->show_nameWithId(NULL)
#7 /home/romankha/professor.romankhan.com/code/system/View/View.php(246): include('/home/romankha/...')
#8 /home/romankha/professor.romankhan.com/code/system/View/View.php(257): CodeIgniter\View\View->render('layouts/panel', Array, true)
#9 /home/romankha/professor.romankhan.com/code/system/Common.php(1119): CodeIgniter\View\View->render('take_course', Array, true)
#10 /home/romankha/professor.romankhan.com/code/app/Controllers/Panel.php(12): view('take_course')
#11 /home/romankha/professor.romankhan.com/code/system/CodeIgniter.php(918): App\Controllers\Panel->take_course()
#12 /home/romankha/professor.romankhan.com/code/system/CodeIgniter.php(404): CodeIgniter\CodeIgniter->runController(Object(App\Controllers\Panel))
#13 /home/romankha/professor.romankhan.com/code/system/CodeIgniter.php(312): CodeIgniter\CodeIgniter->handleRequest(NULL, Object(Config\Cache), false)
#14 /home/romankha/professor.romankhan.com/index.php(45): CodeIgniter\CodeIgniter->run()
#15 {main}
CRITICAL - 2020-08-29 07:51:28 --> Undefined index: field
#0 /home/romankha/professor.romankhan.com/code/app/Controllers/Users.php(27): CodeIgniter\Debug\Exceptions->errorHandler(8, 'Undefined index...', '/home/romankha/...', 27, Array)
#1 /home/romankha/professor.romankhan.com/code/system/CodeIgniter.php(918): App\Controllers\Users->check()
#2 /home/romankha/professor.romankhan.com/code/system/CodeIgniter.php(404): CodeIgniter\CodeIgniter->runController(Object(App\Controllers\Users))
#3 /home/romankha/professor.romankhan.com/code/system/CodeIgniter.php(312): CodeIgniter\CodeIgniter->handleRequest(NULL, Object(Config\Cache), false)
#4 /home/romankha/professor.romankhan.com/index.php(45): CodeIgniter\CodeIgniter->run()
#5 {main}
CRITICAL - 2020-08-29 08:22:47 --> Too few arguments to function App\Controllers\Panel::take_course(), 0 passed in /home/romankha/professor.romankhan.com/code/system/CodeIgniter.php on line 918 and exactly 1 expected
#0 /home/romankha/professor.romankhan.com/code/system/CodeIgniter.php(918): App\Controllers\Panel->take_course()
#1 /home/romankha/professor.romankhan.com/code/system/CodeIgniter.php(404): CodeIgniter\CodeIgniter->runController(Object(App\Controllers\Panel))
#2 /home/romankha/professor.romankhan.com/code/system/CodeIgniter.php(312): CodeIgniter\CodeIgniter->handleRequest(NULL, Object(Config\Cache), false)
#3 /home/romankha/professor.romankhan.com/index.php(45): CodeIgniter\CodeIgniter->run()
#4 {main}
CRITICAL - 2020-08-29 08:24:13 --> Call to undefined method App\Models\LessonsModel::selectAll
#0 /home/romankha/professor.romankhan.com/code/app/Models/LessonsModel.php(11): CodeIgniter\Model->__call('selectAll', Array)
#1 /home/romankha/professor.romankhan.com/code/app/Controllers/Panel.php(16): App\Models\LessonsModel->show_allLessons('1')
#2 /home/romankha/professor.romankhan.com/code/system/CodeIgniter.php(918): App\Controllers\Panel->take_course()
#3 /home/romankha/professor.romankhan.com/code/system/CodeIgniter.php(404): CodeIgniter\CodeIgniter->runController(Object(App\Controllers\Panel))
#4 /home/romankha/professor.romankhan.com/code/system/CodeIgniter.php(312): CodeIgniter\CodeIgniter->handleRequest(NULL, Object(Config\Cache), false)
#5 /home/romankha/professor.romankhan.com/index.php(45): CodeIgniter\CodeIgniter->run()
#6 {main}
CRITICAL - 2020-08-29 08:32:40 --> Argument 1 passed to CodeIgniter\Database\BaseBuilder::get() must be of the type int or null, string given, called in /home/romankha/professor.romankhan.com/code/system/Model.php on line 1818
#0 /home/romankha/professor.romankhan.com/code/system/Model.php(1818): CodeIgniter\Database\BaseBuilder->get('name')
#1 /home/romankha/professor.romankhan.com/code/app/Models/LessonsModel.php(11): CodeIgniter\Model->__call('get', Array)
#2 /home/romankha/professor.romankhan.com/code/app/Controllers/Panel.php(16): App\Models\LessonsModel->show_allLessons('1')
#3 /home/romankha/professor.romankhan.com/code/system/CodeIgniter.php(918): App\Controllers\Panel->take_course()
#4 /home/romankha/professor.romankhan.com/code/system/CodeIgniter.php(404): CodeIgniter\CodeIgniter->runController(Object(App\Controllers\Panel))
#5 /home/romankha/professor.romankhan.com/code/system/CodeIgniter.php(312): CodeIgniter\CodeIgniter->handleRequest(NULL, Object(Config\Cache), false)
#6 /home/romankha/professor.romankhan.com/index.php(45): CodeIgniter\CodeIgniter->run()
#7 {main}
CRITICAL - 2020-08-29 08:33:12 --> Call to undefined method App\Models\LessonsModel::whereAll
#0 /home/romankha/professor.romankhan.com/code/app/Models/LessonsModel.php(11): CodeIgniter\Model->__call('whereAll', Array)
#1 /home/romankha/professor.romankhan.com/code/app/Controllers/Panel.php(16): App\Models\LessonsModel->show_allLessons('1')
#2 /home/romankha/professor.romankhan.com/code/system/CodeIgniter.php(918): App\Controllers\Panel->take_course()
#3 /home/romankha/professor.romankhan.com/code/system/CodeIgniter.php(404): CodeIgniter\CodeIgniter->runController(Object(App\Controllers\Panel))
#4 /home/romankha/professor.romankhan.com/code/system/CodeIgniter.php(312): CodeIgniter\CodeIgniter->handleRequest(NULL, Object(Config\Cache), false)
#5 /home/romankha/professor.romankhan.com/index.php(45): CodeIgniter\CodeIgniter->run()
#6 {main}
CRITICAL - 2020-08-29 08:35:52 --> Call to undefined method App\Models\LessonsModel::whereAll
#0 /home/romankha/professor.romankhan.com/code/app/Models/LessonsModel.php(11): CodeIgniter\Model->__call('whereAll', Array)
#1 /home/romankha/professor.romankhan.com/code/app/Controllers/Panel.php(16): App\Models\LessonsModel->show_allLessons('6')
#2 /home/romankha/professor.romankhan.com/code/system/CodeIgniter.php(918): App\Controllers\Panel->take_course()
#3 /home/romankha/professor.romankhan.com/code/system/CodeIgniter.php(404): CodeIgniter\CodeIgniter->runController(Object(App\Controllers\Panel))
#4 /home/romankha/professor.romankhan.com/code/system/CodeIgniter.php(312): CodeIgniter\CodeIgniter->handleRequest(NULL, Object(Config\Cache), false)
#5 /home/romankha/professor.romankhan.com/index.php(45): CodeIgniter\CodeIgniter->run()
#6 {main}
CRITICAL - 2020-08-29 08:52:27 --> Not unique table/alias: 'presentation'
#0 /home/romankha/professor.romankhan.com/code/system/Database/MySQLi/Connection.php(331): mysqli->query('SELECT `present...')
#1 /home/romankha/professor.romankhan.com/code/system/Database/BaseConnection.php(741): CodeIgniter\Database\MySQLi\Connection->execute('SELECT `present...')
#2 /home/romankha/professor.romankhan.com/code/system/Database/BaseConnection.php(669): CodeIgniter\Database\BaseConnection->simpleQuery('SELECT `present...')
#3 /home/romankha/professor.romankhan.com/code/system/Database/BaseBuilder.php(1860): CodeIgniter\Database\BaseConnection->query('SELECT `present...', Array, false)
#4 /home/romankha/professor.romankhan.com/code/system/Model.php(462): CodeIgniter\Database\BaseBuilder->get()
#5 /home/romankha/professor.romankhan.com/code/app/Models/PresentationModel.php(24): CodeIgniter\Model->findAll()
#6 /home/romankha/professor.romankhan.com/code/app/Controllers/Panel.php(16): App\Models\PresentationModel->show_allPresentation('6')
#7 /home/romankha/professor.romankhan.com/code/system/CodeIgniter.php(918): App\Controllers\Panel->take_course()
#8 /home/romankha/professor.romankhan.com/code/system/CodeIgniter.php(404): CodeIgniter\CodeIgniter->runController(Object(App\Controllers\Panel))
#9 /home/romankha/professor.romankhan.com/code/system/CodeIgniter.php(312): CodeIgniter\CodeIgniter->handleRequest(NULL, Object(Config\Cache), false)
#10 /home/romankha/professor.romankhan.com/index.php(45): CodeIgniter\CodeIgniter->run()
#11 {main}
CRITICAL - 2020-08-29 09:01:56 --> Not unique table/alias: 'presentation'
#0 /home/romankha/professor.romankhan.com/code/system/Database/MySQLi/Connection.php(331): mysqli->query('SELECT `present...')
#1 /home/romankha/professor.romankhan.com/code/system/Database/BaseConnection.php(741): CodeIgniter\Database\MySQLi\Connection->execute('SELECT `present...')
#2 /home/romankha/professor.romankhan.com/code/system/Database/BaseConnection.php(669): CodeIgniter\Database\BaseConnection->simpleQuery('SELECT `present...')
#3 /home/romankha/professor.romankhan.com/code/system/Database/BaseBuilder.php(1860): CodeIgniter\Database\BaseConnection->query('SELECT `present...', Array, false)
#4 /home/romankha/professor.romankhan.com/code/system/Model.php(462): CodeIgniter\Database\BaseBuilder->get()
#5 /home/romankha/professor.romankhan.com/code/app/Models/PresentationModel.php(24): CodeIgniter\Model->findAll()
#6 /home/romankha/professor.romankhan.com/code/app/Controllers/Panel.php(16): App\Models\PresentationModel->show_allPresentation('6')
#7 /home/romankha/professor.romankhan.com/code/system/CodeIgniter.php(918): App\Controllers\Panel->take_course()
#8 /home/romankha/professor.romankhan.com/code/system/CodeIgniter.php(404): CodeIgniter\CodeIgniter->runController(Object(App\Controllers\Panel))
#9 /home/romankha/professor.romankhan.com/code/system/CodeIgniter.php(312): CodeIgniter\CodeIgniter->handleRequest(NULL, Object(Config\Cache), false)
#10 /home/romankha/professor.romankhan.com/index.php(45): CodeIgniter\CodeIgniter->run()
#11 {main}
CRITICAL - 2020-08-29 09:03:24 --> Not unique table/alias: 'presentation'
#0 /home/romankha/professor.romankhan.com/code/system/Database/MySQLi/Connection.php(331): mysqli->query('SELECT `present...')
#1 /home/romankha/professor.romankhan.com/code/system/Database/BaseConnection.php(741): CodeIgniter\Database\MySQLi\Connection->execute('SELECT `present...')
#2 /home/romankha/professor.romankhan.com/code/system/Database/BaseConnection.php(669): CodeIgniter\Database\BaseConnection->simpleQuery('SELECT `present...')
#3 /home/romankha/professor.romankhan.com/code/system/Database/BaseBuilder.php(1860): CodeIgniter\Database\BaseConnection->query('SELECT `present...', Array, false)
#4 /home/romankha/professor.romankhan.com/code/system/Model.php(462): CodeIgniter\Database\BaseBuilder->get()
#5 /home/romankha/professor.romankhan.com/code/app/Models/PresentationModel.php(24): CodeIgniter\Model->findAll()
#6 /home/romankha/professor.romankhan.com/code/app/Controllers/Panel.php(16): App\Models\PresentationModel->show_allPresentation('6')
#7 /home/romankha/professor.romankhan.com/code/system/CodeIgniter.php(918): App\Controllers\Panel->take_course()
#8 /home/romankha/professor.romankhan.com/code/system/CodeIgniter.php(404): CodeIgniter\CodeIgniter->runController(Object(App\Controllers\Panel))
#9 /home/romankha/professor.romankhan.com/code/system/CodeIgniter.php(312): CodeIgniter\CodeIgniter->handleRequest(NULL, Object(Config\Cache), false)
#10 /home/romankha/professor.romankhan.com/index.php(45): CodeIgniter\CodeIgniter->run()
#11 {main}
CRITICAL - 2020-08-29 09:12:59 --> Not unique table/alias: 'presentation'
#0 /home/romankha/professor.romankhan.com/code/system/Database/MySQLi/Connection.php(331): mysqli->query('SELECT `present...')
#1 /home/romankha/professor.romankhan.com/code/system/Database/BaseConnection.php(741): CodeIgniter\Database\MySQLi\Connection->execute('SELECT `present...')
#2 /home/romankha/professor.romankhan.com/code/system/Database/BaseConnection.php(669): CodeIgniter\Database\BaseConnection->simpleQuery('SELECT `present...')
#3 /home/romankha/professor.romankhan.com/code/system/Database/BaseBuilder.php(1860): CodeIgniter\Database\BaseConnection->query('SELECT `present...', Array, false)
#4 /home/romankha/professor.romankhan.com/code/system/Model.php(462): CodeIgniter\Database\BaseBuilder->get()
#5 /home/romankha/professor.romankhan.com/code/app/Models/PresentationModel.php(24): CodeIgniter\Model->findAll()
#6 /home/romankha/professor.romankhan.com/code/app/Controllers/Panel.php(16): App\Models\PresentationModel->show_allPresentation('6')
#7 /home/romankha/professor.romankhan.com/code/system/CodeIgniter.php(918): App\Controllers\Panel->take_course()
#8 /home/romankha/professor.romankhan.com/code/system/CodeIgniter.php(404): CodeIgniter\CodeIgniter->runController(Object(App\Controllers\Panel))
#9 /home/romankha/professor.romankhan.com/code/system/CodeIgniter.php(312): CodeIgniter\CodeIgniter->handleRequest(NULL, Object(Config\Cache), false)
#10 /home/romankha/professor.romankhan.com/index.php(45): CodeIgniter\CodeIgniter->run()
#11 {main}
CRITICAL - 2020-08-29 09:16:09 --> Undefined variable: db
#0 /home/romankha/professor.romankhan.com/code/app/Models/PresentationModel.php(20): CodeIgniter\Debug\Exceptions->errorHandler(8, 'Undefined varia...', '/home/romankha/...', 20, Array)
#1 /home/romankha/professor.romankhan.com/code/app/Controllers/Panel.php(16): App\Models\PresentationModel->show_allPresentation('6')
#2 /home/romankha/professor.romankhan.com/code/system/CodeIgniter.php(918): App\Controllers\Panel->take_course()
#3 /home/romankha/professor.romankhan.com/code/system/CodeIgniter.php(404): CodeIgniter\CodeIgniter->runController(Object(App\Controllers\Panel))
#4 /home/romankha/professor.romankhan.com/code/system/CodeIgniter.php(312): CodeIgniter\CodeIgniter->handleRequest(NULL, Object(Config\Cache), false)
#5 /home/romankha/professor.romankhan.com/index.php(45): CodeIgniter\CodeIgniter->run()
#6 {main}
CRITICAL - 2020-08-29 09:16:27 --> Call to undefined method CodeIgniter\Database\MySQLi\Builder::first()
#0 /home/romankha/professor.romankhan.com/code/app/Controllers/Panel.php(16): App\Models\PresentationModel->show_allPresentation('6')
#1 /home/romankha/professor.romankhan.com/code/system/CodeIgniter.php(918): App\Controllers\Panel->take_course()
#2 /home/romankha/professor.romankhan.com/code/system/CodeIgniter.php(404): CodeIgniter\CodeIgniter->runController(Object(App\Controllers\Panel))
#3 /home/romankha/professor.romankhan.com/code/system/CodeIgniter.php(312): CodeIgniter\CodeIgniter->handleRequest(NULL, Object(Config\Cache), false)
#4 /home/romankha/professor.romankhan.com/index.php(45): CodeIgniter\CodeIgniter->run()
#5 {main}
CRITICAL - 2020-08-29 09:16:54 --> Call to undefined method CodeIgniter\Database\MySQLi\Builder::first()
#0 /home/romankha/professor.romankhan.com/code/app/Controllers/Panel.php(16): App\Models\PresentationModel->show_allPresentation('6')
#1 /home/romankha/professor.romankhan.com/code/system/CodeIgniter.php(918): App\Controllers\Panel->take_course()
#2 /home/romankha/professor.romankhan.com/code/system/CodeIgniter.php(404): CodeIgniter\CodeIgniter->runController(Object(App\Controllers\Panel))
#3 /home/romankha/professor.romankhan.com/code/system/CodeIgniter.php(312): CodeIgniter\CodeIgniter->handleRequest(NULL, Object(Config\Cache), false)
#4 /home/romankha/professor.romankhan.com/index.php(45): CodeIgniter\CodeIgniter->run()
#5 {main}
CRITICAL - 2020-08-29 09:18:03 --> Call to undefined method CodeIgniter\Database\MySQLi\Builder::findAll()
#0 /home/romankha/professor.romankhan.com/code/app/Controllers/Panel.php(16): App\Models\PresentationModel->show_allPresentation('6')
#1 /home/romankha/professor.romankhan.com/code/system/CodeIgniter.php(918): App\Controllers\Panel->take_course()
#2 /home/romankha/professor.romankhan.com/code/system/CodeIgniter.php(404): CodeIgniter\CodeIgniter->runController(Object(App\Controllers\Panel))
#3 /home/romankha/professor.romankhan.com/code/system/CodeIgniter.php(312): CodeIgniter\CodeIgniter->handleRequest(NULL, Object(Config\Cache), false)
#4 /home/romankha/professor.romankhan.com/index.php(45): CodeIgniter\CodeIgniter->run()
#5 {main}
CRITICAL - 2020-08-29 09:18:13 --> Call to undefined method CodeIgniter\Database\MySQLi\Builder::first()
#0 /home/romankha/professor.romankhan.com/code/app/Controllers/Panel.php(16): App\Models\PresentationModel->show_allPresentation('6')
#1 /home/romankha/professor.romankhan.com/code/system/CodeIgniter.php(918): App\Controllers\Panel->take_course()
#2 /home/romankha/professor.romankhan.com/code/system/CodeIgniter.php(404): CodeIgniter\CodeIgniter->runController(Object(App\Controllers\Panel))
#3 /home/romankha/professor.romankhan.com/code/system/CodeIgniter.php(312): CodeIgniter\CodeIgniter->handleRequest(NULL, Object(Config\Cache), false)
#4 /home/romankha/professor.romankhan.com/index.php(45): CodeIgniter\CodeIgniter->run()
#5 {main}
CRITICAL - 2020-08-29 09:20:45 --> Call to undefined method CodeIgniter\Database\MySQLi\Builder::findAll()
#0 /home/romankha/professor.romankhan.com/code/app/Controllers/Panel.php(16): App\Models\PresentationModel->show_allPresentation('1')
#1 /home/romankha/professor.romankhan.com/code/system/CodeIgniter.php(918): App\Controllers\Panel->take_course()
#2 /home/romankha/professor.romankhan.com/code/system/CodeIgniter.php(404): CodeIgniter\CodeIgniter->runController(Object(App\Controllers\Panel))
#3 /home/romankha/professor.romankhan.com/code/system/CodeIgniter.php(312): CodeIgniter\CodeIgniter->handleRequest(NULL, Object(Config\Cache), false)
#4 /home/romankha/professor.romankhan.com/index.php(45): CodeIgniter\CodeIgniter->run()
#5 {main}
CRITICAL - 2020-08-29 09:21:02 --> Unknown column 'lessons.id_fields' in 'where clause'
#0 /home/romankha/professor.romankhan.com/code/system/Database/MySQLi/Connection.php(331): mysqli->query('SELECT *\nFROM `...')
#1 /home/romankha/professor.romankhan.com/code/system/Database/BaseConnection.php(741): CodeIgniter\Database\MySQLi\Connection->execute('SELECT *\nFROM `...')
#2 /home/romankha/professor.romankhan.com/code/system/Database/BaseConnection.php(669): CodeIgniter\Database\BaseConnection->simpleQuery('SELECT *\nFROM `...')
#3 /home/romankha/professor.romankhan.com/code/system/Database/BaseBuilder.php(1860): CodeIgniter\Database\BaseConnection->query('SELECT *\nFROM `...', Array, false)
#4 /home/romankha/professor.romankhan.com/code/system/Model.php(462): CodeIgniter\Database\BaseBuilder->get()
#5 /home/romankha/professor.romankhan.com/code/app/Models/PresentationModel.php(25): CodeIgniter\Model->findAll()
#6 /home/romankha/professor.romankhan.com/code/app/Controllers/Panel.php(16): App\Models\PresentationModel->show_allPresentation('1')
#7 /home/romankha/professor.romankhan.com/code/system/CodeIgniter.php(918): App\Controllers\Panel->take_course()
#8 /home/romankha/professor.romankhan.com/code/system/CodeIgniter.php(404): CodeIgniter\CodeIgniter->runController(Object(App\Controllers\Panel))
#9 /home/romankha/professor.romankhan.com/code/system/CodeIgniter.php(312): CodeIgniter\CodeIgniter->handleRequest(NULL, Object(Config\Cache), false)
#10 /home/romankha/professor.romankhan.com/index.php(45): CodeIgniter\CodeIgniter->run()
#11 {main}
CRITICAL - 2020-08-29 09:28:56 --> Call to undefined method CodeIgniter\Database\MySQLi\Connection::from()
#0 /home/romankha/professor.romankhan.com/code/app/Controllers/Panel.php(16): App\Models\PresentationModel->show_allPresentation('1')
#1 /home/romankha/professor.romankhan.com/code/system/CodeIgniter.php(918): App\Controllers\Panel->take_course()
#2 /home/romankha/professor.romankhan.com/code/system/CodeIgniter.php(404): CodeIgniter\CodeIgniter->runController(Object(App\Controllers\Panel))
#3 /home/romankha/professor.romankhan.com/code/system/CodeIgniter.php(312): CodeIgniter\CodeIgniter->handleRequest(NULL, Object(Config\Cache), false)
#4 /home/romankha/professor.romankhan.com/index.php(45): CodeIgniter\CodeIgniter->run()
#5 {main}
CRITICAL - 2020-08-29 09:29:20 --> Call to undefined method CodeIgniter\Database\MySQLi\Connection::from()
#0 /home/romankha/professor.romankhan.com/code/app/Controllers/Panel.php(16): App\Models\PresentationModel->show_allPresentation('1')
#1 /home/romankha/professor.romankhan.com/code/system/CodeIgniter.php(918): App\Controllers\Panel->take_course()
#2 /home/romankha/professor.romankhan.com/code/system/CodeIgniter.php(404): CodeIgniter\CodeIgniter->runController(Object(App\Controllers\Panel))
#3 /home/romankha/professor.romankhan.com/code/system/CodeIgniter.php(312): CodeIgniter\CodeIgniter->handleRequest(NULL, Object(Config\Cache), false)
#4 /home/romankha/professor.romankhan.com/index.php(45): CodeIgniter\CodeIgniter->run()
#5 {main}
CRITICAL - 2020-08-29 09:29:35 --> syntax error, unexpected '->' (T_OBJECT_OPERATOR), expecting identifier (T_STRING) or variable (T_VARIABLE) or '{' or '$'
#0 /home/romankha/professor.romankhan.com/code/system/Autoloader/Autoloader.php(296): CodeIgniter\Autoloader\Autoloader->requireFile('/home/romankha/...')
#1 /home/romankha/professor.romankhan.com/code/system/Autoloader/Autoloader.php(258): CodeIgniter\Autoloader\Autoloader->loadInNamespace('App\\Models\\Pres...')
#2 [internal function]: CodeIgniter\Autoloader\Autoloader->loadClass('App\\Models\\Pres...')
#3 /home/romankha/professor.romankhan.com/code/app/Controllers/Panel.php(15): spl_autoload_call('App\\Models\\Pres...')
#4 /home/romankha/professor.romankhan.com/code/system/CodeIgniter.php(918): App\Controllers\Panel->take_course()
#5 /home/romankha/professor.romankhan.com/code/system/CodeIgniter.php(404): CodeIgniter\CodeIgniter->runController(Object(App\Controllers\Panel))
#6 /home/romankha/professor.romankhan.com/code/system/CodeIgniter.php(312): CodeIgniter\CodeIgniter->handleRequest(NULL, Object(Config\Cache), false)
#7 /home/romankha/professor.romankhan.com/index.php(45): CodeIgniter\CodeIgniter->run()
#8 {main}
CRITICAL - 2020-08-29 09:29:43 --> Call to undefined method CodeIgniter\Database\MySQLi\Connection::findAll()
#0 /home/romankha/professor.romankhan.com/code/app/Controllers/Panel.php(16): App\Models\PresentationModel->show_allPresentation('1')
#1 /home/romankha/professor.romankhan.com/code/system/CodeIgniter.php(918): App\Controllers\Panel->take_course()
#2 /home/romankha/professor.romankhan.com/code/system/CodeIgniter.php(404): CodeIgniter\CodeIgniter->runController(Object(App\Controllers\Panel))
#3 /home/romankha/professor.romankhan.com/code/system/CodeIgniter.php(312): CodeIgniter\CodeIgniter->handleRequest(NULL, Object(Config\Cache), false)
#4 /home/romankha/professor.romankhan.com/index.php(45): CodeIgniter\CodeIgniter->run()
#5 {main}
CRITICAL - 2020-08-29 09:29:50 --> Call to undefined method CodeIgniter\Database\MySQLi\Connection::get()
#0 /home/romankha/professor.romankhan.com/code/app/Controllers/Panel.php(16): App\Models\PresentationModel->show_allPresentation('1')
#1 /home/romankha/professor.romankhan.com/code/system/CodeIgniter.php(918): App\Controllers\Panel->take_course()
#2 /home/romankha/professor.romankhan.com/code/system/CodeIgniter.php(404): CodeIgniter\CodeIgniter->runController(Object(App\Controllers\Panel))
#3 /home/romankha/professor.romankhan.com/code/system/CodeIgniter.php(312): CodeIgniter\CodeIgniter->handleRequest(NULL, Object(Config\Cache), false)
#4 /home/romankha/professor.romankhan.com/index.php(45): CodeIgniter\CodeIgniter->run()
#5 {main}
CRITICAL - 2020-08-29 09:29:52 --> Call to undefined method CodeIgniter\Database\MySQLi\Connection::get()
#0 /home/romankha/professor.romankhan.com/code/app/Controllers/Panel.php(16): App\Models\PresentationModel->show_allPresentation('1')
#1 /home/romankha/professor.romankhan.com/code/system/CodeIgniter.php(918): App\Controllers\Panel->take_course()
#2 /home/romankha/professor.romankhan.com/code/system/CodeIgniter.php(404): CodeIgniter\CodeIgniter->runController(Object(App\Controllers\Panel))
#3 /home/romankha/professor.romankhan.com/code/system/CodeIgniter.php(312): CodeIgniter\CodeIgniter->handleRequest(NULL, Object(Config\Cache), false)
#4 /home/romankha/professor.romankhan.com/index.php(45): CodeIgniter\CodeIgniter->run()
#5 {main}
CRITICAL - 2020-08-29 09:37:08 --> Not unique table/alias: 'presentation'
#0 /home/romankha/professor.romankhan.com/code/system/Database/MySQLi/Connection.php(331): mysqli->query('SELECT *\nFROM `...')
#1 /home/romankha/professor.romankhan.com/code/system/Database/BaseConnection.php(741): CodeIgniter\Database\MySQLi\Connection->execute('SELECT *\nFROM `...')
#2 /home/romankha/professor.romankhan.com/code/system/Database/BaseConnection.php(669): CodeIgniter\Database\BaseConnection->simpleQuery('SELECT *\nFROM `...')
#3 /home/romankha/professor.romankhan.com/code/system/Database/BaseBuilder.php(1860): CodeIgniter\Database\BaseConnection->query('SELECT *\nFROM `...', Array, false)
#4 /home/romankha/professor.romankhan.com/code/system/Model.php(462): CodeIgniter\Database\BaseBuilder->get()
#5 /home/romankha/professor.romankhan.com/code/app/Models/PresentationModel.php(26): CodeIgniter\Model->findAll()
#6 /home/romankha/professor.romankhan.com/code/app/Controllers/Panel.php(16): App\Models\PresentationModel->show_allPresentation('1')
#7 /home/romankha/professor.romankhan.com/code/system/CodeIgniter.php(918): App\Controllers\Panel->take_course()
#8 /home/romankha/professor.romankhan.com/code/system/CodeIgniter.php(404): CodeIgniter\CodeIgniter->runController(Object(App\Controllers\Panel))
#9 /home/romankha/professor.romankhan.com/code/system/CodeIgniter.php(312): CodeIgniter\CodeIgniter->handleRequest(NULL, Object(Config\Cache), false)
#10 /home/romankha/professor.romankhan.com/index.php(45): CodeIgniter\CodeIgniter->run()
#11 {main}
CRITICAL - 2020-08-29 09:37:23 --> Not unique table/alias: 'presentation'
#0 /home/romankha/professor.romankhan.com/code/system/Database/MySQLi/Connection.php(331): mysqli->query('SELECT `present...')
#1 /home/romankha/professor.romankhan.com/code/system/Database/BaseConnection.php(741): CodeIgniter\Database\MySQLi\Connection->execute('SELECT `present...')
#2 /home/romankha/professor.romankhan.com/code/system/Database/BaseConnection.php(669): CodeIgniter\Database\BaseConnection->simpleQuery('SELECT `present...')
#3 /home/romankha/professor.romankhan.com/code/system/Database/BaseBuilder.php(1860): CodeIgniter\Database\BaseConnection->query('SELECT `present...', Array, false)
#4 /home/romankha/professor.romankhan.com/code/system/Model.php(462): CodeIgniter\Database\BaseBuilder->get()
#5 /home/romankha/professor.romankhan.com/code/app/Models/PresentationModel.php(26): CodeIgniter\Model->findAll()
#6 /home/romankha/professor.romankhan.com/code/app/Controllers/Panel.php(16): App\Models\PresentationModel->show_allPresentation('1')
#7 /home/romankha/professor.romankhan.com/code/system/CodeIgniter.php(918): App\Controllers\Panel->take_course()
#8 /home/romankha/professor.romankhan.com/code/system/CodeIgniter.php(404): CodeIgniter\CodeIgniter->runController(Object(App\Controllers\Panel))
#9 /home/romankha/professor.romankhan.com/code/system/CodeIgniter.php(312): CodeIgniter\CodeIgniter->handleRequest(NULL, Object(Config\Cache), false)
#10 /home/romankha/professor.romankhan.com/index.php(45): CodeIgniter\CodeIgniter->run()
#11 {main}
CRITICAL - 2020-08-29 12:44:45 --> syntax error, unexpected ';', expecting ')'
#0 /home/romankha/professor.romankhan.com/code/system/Autoloader/Autoloader.php(296): CodeIgniter\Autoloader\Autoloader->requireFile('/home/romankha/...')
#1 /home/romankha/professor.romankhan.com/code/system/Autoloader/Autoloader.php(258): CodeIgniter\Autoloader\Autoloader->loadInNamespace('App\\Models\\User...')
#2 [internal function]: CodeIgniter\Autoloader\Autoloader->loadClass('App\\Models\\User...')
#3 /home/romankha/professor.romankhan.com/code/app/Controllers/Users.php(42): spl_autoload_call('App\\Models\\User...')
#4 /home/romankha/professor.romankhan.com/code/system/CodeIgniter.php(918): App\Controllers\Users->change_password()
#5 /home/romankha/professor.romankhan.com/code/system/CodeIgniter.php(404): CodeIgniter\CodeIgniter->runController(Object(App\Controllers\Users))
#6 /home/romankha/professor.romankhan.com/code/system/CodeIgniter.php(312): CodeIgniter\CodeIgniter->handleRequest(NULL, Object(Config\Cache), false)
#7 /home/romankha/professor.romankhan.com/index.php(45): CodeIgniter\CodeIgniter->run()
#8 {main}
